[ 2019-11-01T10:05:33+08:00 ] 127.0.0.1 /
INFO: [ app_init ] --START--
INFO: Run Behavior\BuildLiteBehavior [ RunTime:0.000008s ]
INFO: [ app_init ] --END-- [ RunTime:0.000677s ]
INFO: [ app_begin ] --START--
INFO: Run Behavior\ReadHtmlCacheBehavior [ RunTime:0.000899s ]
INFO: [ app_begin ] --END-- [ RunTime:0.000929s ]
SQL: SHOW COLUMNS FROM `hd_user` [ RunTime:0.0042s ]
SQL: SELECT `id`,`lock` FROM `hd_user` WHERE `account` = 'admin' LIMIT 1   [ RunTime:0.0005s ]
SQL: SHOW COLUMNS FROM `hd_follow` [ RunTime:0.0023s ]
SQL: SELECT `follow` FROM `hd_follow` WHERE `fans` = 1  [ RunTime:0.0002s ]
SQL: SHOW COLUMNS FROM `hd_weibo` [ RunTime:0.0021s ]
SQL: SHOW COLUMNS FROM `hd_userinfo` [ RunTime:0.0031s ]
SQL: SHOW COLUMNS FROM `hd_picture` [ RunTime:0.0032s ]
SQL: SELECT COUNT(*) AS tp_count FROM hd_weibo weibo LEFT JOIN hd_userinfo userinfo ON weibo.uid = userinfo.uid LEFT JOIN hd_picture picture ON weibo.id = picture.wid WHERE weibo.uid IN ('1') LIMIT 1   [ RunTime:0.0007s ]
SQL: SELECT weibo.id AS id,weibo.content AS content,weibo.isturn AS isturn,weibo.time AS time,weibo.turn AS turn,weibo.keep AS keep,weibo.comment AS comment,weibo.uid AS uid,userinfo.username AS username,userinfo.face50 AS face,picture.mini AS mini,picture.medium AS medium,picture.max AS max FROM hd_weibo weibo LEFT JOIN hd_userinfo userinfo ON weibo.uid = userinfo.uid LEFT JOIN hd_picture picture ON weibo.id = picture.wid WHERE weibo.uid IN ('1') ORDER BY weibo.time DESC LIMIT 0,20   [ RunTime:0.0008s ]
SQL: SELECT `follow` FROM `hd_follow` WHERE `fans` = 1  [ RunTime:0.0003s ]
INFO: [ view_parse ] --START--
INFO: [ template_filter ] --START--
INFO: Run Behavior\ContentReplaceBehavior [ RunTime:0.000169s ]
INFO: [ template_filter ] --END-- [ RunTime:0.000199s ]
SQL: SELECT `style` FROM `hd_userinfo` WHERE `uid` = 1 LIMIT 1   [ RunTime:0.0006s ]
SQL: SELECT `username` FROM `hd_userinfo` WHERE `uid` = 1 LIMIT 1   [ RunTime:0.0004s ]
SQL: SHOW COLUMNS FROM `hd_group` [ RunTime:0.0025s ]
SQL: SELECT * FROM `hd_group` WHERE `uid` = 1  [ RunTime:0.0002s ]
SQL: SELECT * FROM `hd_group` WHERE `uid` = 1  [ RunTime:0.0001s ]
SQL: SELECT `username`,`face80` AS `face`,`follow`,`fans`,`weibo`,`uid` FROM `hd_userinfo` WHERE `uid` = 1 LIMIT 1   [ RunTime:0.0002s ]
SQL: SELECT `follow` FROM `hd_follow` WHERE `fans` = 1  [ RunTime:0.0001s ]
ERR: 1064:You have an error in your SQL syntax; check the manual that corresponds to your MySQL server version for the right syntax to use near ') AND f.`follow` NOT IN () AND f.`follow` <>1 GROUP BY f.`follow` ORDER BY `coun' at line 1
 [ SQL语句 ] : SELECT `uid`,`username`,`face50` AS `face`,COUNT(f.`follow`) AS `count` FROM `hd_follow` f LEFT JOIN `hd_userinfo` u ON f.`follow` = u.`uid` WHERE f.`fans` IN () AND f.`follow` NOT IN () AND f.`follow` <>1 GROUP BY f.`follow` ORDER BY `count` DESC LIMIT 4
ERR: 1064:You have an error in your SQL syntax; check the manual that corresponds to your MySQL server version for the right syntax to use near ') AND f.`follow` NOT IN () AND f.`follow` <>1 GROUP BY f.`follow` ORDER BY `coun' at line 1
 [ SQL语句 ] : SELECT `uid`,`username`,`face50` AS `face`,COUNT(f.`follow`) AS `count` FROM `hd_follow` f LEFT JOIN `hd_userinfo` u ON f.`follow` = u.`uid` WHERE f.`fans` IN () AND f.`follow` NOT IN () AND f.`follow` <>1 GROUP BY f.`follow` ORDER BY `count` DESC LIMIT 4

[ 2019-11-01T10:05:34+08:00 ] 127.0.0.1 /index.php/Home/Index/getMsg
INFO: [ app_init ] --START--
INFO: Run Behavior\BuildLiteBehavior [ RunTime:0.000014s ]
INFO: [ app_init ] --END-- [ RunTime:0.000574s ]
INFO: [ app_begin ] --START--
INFO: Run Behavior\ReadHtmlCacheBehavior [ RunTime:0.001366s ]
INFO: [ app_begin ] --END-- [ RunTime:0.001425s ]
INFO: [ app_end ] --START--
INFO: Run Behavior\ShowPageTraceBehavior [ RunTime:0.001888s ]
INFO: [ app_end ] --END-- [ RunTime:0.001982s ]

[ 2019-11-01T10:05:37+08:00 ] 127.0.0.1 /index.php/Home/Index/loginOut
INFO: [ app_init ] --START--
INFO: Run Behavior\BuildLiteBehavior [ RunTime:0.000007s ]
INFO: [ app_init ] --END-- [ RunTime:0.000304s ]
INFO: [ app_begin ] --START--
INFO: Run Behavior\ReadHtmlCacheBehavior [ RunTime:0.000445s ]
INFO: [ app_begin ] --END-- [ RunTime:0.000467s ]

[ 2019-11-01T10:05:37+08:00 ] 127.0.0.1 /index.php/Home/Login/index
INFO: [ app_init ] --START--
INFO: Run Behavior\BuildLiteBehavior [ RunTime:0.000007s ]
INFO: [ app_init ] --END-- [ RunTime:0.000344s ]
INFO: [ app_begin ] --START--
INFO: Run Behavior\ReadHtmlCacheBehavior [ RunTime:0.000474s ]
INFO: [ app_begin ] --END-- [ RunTime:0.000501s ]
INFO: [ view_parse ] --START--
INFO: [ template_filter ] --START--
INFO: Run Behavior\ContentReplaceBehavior [ RunTime:0.000025s ]
INFO: [ template_filter ] --END-- [ RunTime:0.000056s ]
INFO: Run Behavior\ParseTemplateBehavior [ RunTime:0.012901s ]
INFO: [ view_parse ] --END-- [ RunTime:0.012932s ]
INFO: [ view_filter ] --START--
INFO: Run Behavior\WriteHtmlCacheBehavior [ RunTime:0.000809s ]
INFO: [ view_filter ] --END-- [ RunTime:0.000829s ]
INFO: [ app_end ] --START--
INFO: Run Behavior\ShowPageTraceBehavior [ RunTime:0.000649s ]
INFO: [ app_end ] --END-- [ RunTime:0.000672s ]

[ 2019-11-01T10:05:38+08:00 ] 127.0.0.1 /index.php/Home/Login/register
INFO: [ app_init ] --START--
INFO: Run Behavior\BuildLiteBehavior [ RunTime:0.000007s ]
INFO: [ app_init ] --END-- [ RunTime:0.000350s ]
INFO: [ app_begin ] --START--
INFO: Run Behavior\ReadHtmlCacheBehavior [ RunTime:0.000636s ]
INFO: [ app_begin ] --END-- [ RunTime:0.000673s ]
INFO: [ view_parse ] --START--
INFO: [ template_filter ] --START--
INFO: Run Behavior\ContentReplaceBehavior [ RunTime:0.000028s ]
INFO: [ template_filter ] --END-- [ RunTime:0.000059s ]
INFO: Run Behavior\ParseTemplateBehavior [ RunTime:0.005896s ]
INFO: [ view_parse ] --END-- [ RunTime:0.005935s ]
INFO: [ view_filter ] --START--
INFO: Run Behavior\WriteHtmlCacheBehavior [ RunTime:0.000347s ]
INFO: [ view_filter ] --END-- [ RunTime:0.000366s ]
INFO: [ app_end ] --START--
INFO: Run Behavior\ShowPageTraceBehavior [ RunTime:0.000730s ]
INFO: [ app_end ] --END-- [ RunTime:0.000749s ]

[ 2019-11-01T10:05:38+08:00 ] 127.0.0.1 /index.php/Home/Login/verify
INFO: [ app_init ] --START--
INFO: Run Behavior\BuildLiteBehavior [ RunTime:0.000012s ]
INFO: [ app_init ] --END-- [ RunTime:0.000550s ]
INFO: [ app_begin ] --START--
INFO: Run Behavior\ReadHtmlCacheBehavior [ RunTime:0.000616s ]
INFO: [ app_begin ] --END-- [ RunTime:0.000662s ]
INFO: [ app_end ] --START--
INFO: Run Behavior\ShowPageTraceBehavior [ RunTime:0.003998s ]
INFO: [ app_end ] --END-- [ RunTime:0.004271s ]

[ 2019-11-01T10:05:43+08:00 ] 127.0.0.1 /index.php/Home/Login/checkAccount
INFO: [ app_init ] --START--
INFO: Run Behavior\BuildLiteBehavior [ RunTime:0.000013s ]
INFO: [ app_init ] --END-- [ RunTime:0.000676s ]
INFO: [ app_begin ] --START--
INFO: Run Behavior\ReadHtmlCacheBehavior [ RunTime:0.000883s ]
INFO: [ app_begin ] --END-- [ RunTime:0.000925s ]
SQL: SHOW COLUMNS FROM `hd_user` [ RunTime:0.0013s ]
SQL: SELECT `id` FROM `hd_user` WHERE (  account = 'admin22' ) LIMIT 1   [ RunTime:0.0003s ]
INFO: [ app_end ] --START--
INFO: Run Behavior\ShowPageTraceBehavior [ RunTime:0.000648s ]
INFO: [ app_end ] --END-- [ RunTime:0.000667s ]

[ 2019-11-01T10:05:47+08:00 ] 127.0.0.1 /index.php/Home/Login/checkAccount
INFO: [ app_init ] --START--
INFO: Run Behavior\BuildLiteBehavior [ RunTime:0.000013s ]
INFO: [ app_init ] --END-- [ RunTime:0.000662s ]
INFO: [ app_begin ] --START--
INFO: Run Behavior\ReadHtmlCacheBehavior [ RunTime:0.000874s ]
INFO: [ app_begin ] --END-- [ RunTime:0.000917s ]
SQL: SHOW COLUMNS FROM `hd_user` [ RunTime:0.0009s ]
SQL: SELECT `id` FROM `hd_user` WHERE (  account = 'admin221' ) LIMIT 1   [ RunTime:0.0002s ]
INFO: [ app_end ] --START--
INFO: Run Behavior\ShowPageTraceBehavior [ RunTime:0.001310s ]
INFO: [ app_end ] --END-- [ RunTime:0.001356s ]

[ 2019-11-01T10:05:51+08:00 ] 127.0.0.1 /index.php/Home/Login/checkAccount
INFO: [ app_init ] --START--
INFO: Run Behavior\BuildLiteBehavior [ RunTime:0.000012s ]
INFO: [ app_init ] --END-- [ RunTime:0.000695s ]
INFO: [ app_begin ] --START--
INFO: Run Behavior\ReadHtmlCacheBehavior [ RunTime:0.000887s ]
INFO: [ app_begin ] --END-- [ RunTime:0.000929s ]
SQL: SHOW COLUMNS FROM `hd_user` [ RunTime:0.0008s ]
SQL: SELECT `id` FROM `hd_user` WHERE (  account = 'admin' ) LIMIT 1   [ RunTime:0.0002s ]
INFO: [ app_end ] --START--
INFO: Run Behavior\ShowPageTraceBehavior [ RunTime:0.001117s ]
INFO: [ app_end ] --END-- [ RunTime:0.001158s ]

