[ 2019-11-13T17:25:40+08:00 ] 127.0.0.1 /
INFO: [ app_init ] --START--
INFO: Run Behavior\BuildLiteBehavior [ RunTime:0.000015s ]
INFO: [ app_init ] --END-- [ RunTime:0.001128s ]
INFO: [ app_begin ] --START--
INFO: Run Behavior\ReadHtmlCacheBehavior [ RunTime:0.001231s ]
INFO: [ app_begin ] --END-- [ RunTime:0.001273s ]

[ 2019-11-13T17:25:40+08:00 ] 127.0.0.1 /index.php/Home/Login/index
INFO: [ app_init ] --START--
INFO: Run Behavior\BuildLiteBehavior [ RunTime:0.000034s ]
INFO: [ app_init ] --END-- [ RunTime:0.000648s ]
INFO: [ app_begin ] --START--
INFO: Run Behavior\ReadHtmlCacheBehavior [ RunTime:0.000710s ]
INFO: [ app_begin ] --END-- [ RunTime:0.000756s ]
INFO: [ view_parse ] --START--
INFO: [ template_filter ] --START--
INFO: Run Behavior\ContentReplaceBehavior [ RunTime:0.000031s ]
INFO: [ template_filter ] --END-- [ RunTime:0.000068s ]
INFO: Run Behavior\ParseTemplateBehavior [ RunTime:0.009804s ]
INFO: [ view_parse ] --END-- [ RunTime:0.009862s ]
INFO: [ view_filter ] --START--
INFO: Run Behavior\WriteHtmlCacheBehavior [ RunTime:0.001764s ]
INFO: [ view_filter ] --END-- [ RunTime:0.001797s ]
INFO: [ app_end ] --START--
INFO: Run Behavior\ShowPageTraceBehavior [ RunTime:0.000947s ]
INFO: [ app_end ] --END-- [ RunTime:0.000970s ]

[ 2019-11-13T17:25:48+08:00 ] 127.0.0.1 /index.php/Home/Login/login
INFO: [ app_init ] --START--
INFO: Run Behavior\BuildLiteBehavior [ RunTime:0.000008s ]
INFO: [ app_init ] --END-- [ RunTime:0.000398s ]
INFO: [ app_begin ] --START--
INFO: Run Behavior\ReadHtmlCacheBehavior [ RunTime:0.000599s ]
INFO: [ app_begin ] --END-- [ RunTime:0.000622s ]
SQL: SHOW COLUMNS FROM `hd_user` [ RunTime:0.0042s ]
SQL: SELECT * FROM `hd_user` WHERE `account` = 'admin22' LIMIT 1   [ RunTime:0.0004s ]
INFO: [ view_parse ] --START--
INFO: [ template_filter ] --START--
INFO: Run Behavior\ContentReplaceBehavior [ RunTime:0.000031s ]
INFO: [ template_filter ] --END-- [ RunTime:0.000070s ]
INFO: Run Behavior\ParseTemplateBehavior [ RunTime:0.010322s ]
INFO: [ view_parse ] --END-- [ RunTime:0.010365s ]
INFO: [ view_filter ] --START--
INFO: Run Behavior\WriteHtmlCacheBehavior [ RunTime:0.000497s ]
INFO: [ view_filter ] --END-- [ RunTime:0.000524s ]

[ 2019-11-13T17:26:05+08:00 ] 127.0.0.1 /index.php/Home/Login/login
INFO: [ app_init ] --START--
INFO: Run Behavior\BuildLiteBehavior [ RunTime:0.000008s ]
INFO: [ app_init ] --END-- [ RunTime:0.000361s ]
INFO: [ app_begin ] --START--
INFO: Run Behavior\ReadHtmlCacheBehavior [ RunTime:0.000452s ]
INFO: [ app_begin ] --END-- [ RunTime:0.000479s ]
SQL: SHOW COLUMNS FROM `hd_user` [ RunTime:0.0016s ]
SQL: SELECT * FROM `hd_user` WHERE `account` = 'admin22' LIMIT 1   [ RunTime:0.0003s ]
INFO: [ view_parse ] --START--
INFO: [ template_filter ] --START--
INFO: Run Behavior\ContentReplaceBehavior [ RunTime:0.000020s ]
INFO: [ template_filter ] --END-- [ RunTime:0.000042s ]
INFO: Run Behavior\ParseTemplateBehavior [ RunTime:0.004060s ]
INFO: [ view_parse ] --END-- [ RunTime:0.004081s ]
INFO: [ view_filter ] --START--
INFO: Run Behavior\WriteHtmlCacheBehavior [ RunTime:0.000269s ]
INFO: [ view_filter ] --END-- [ RunTime:0.000286s ]

[ 2019-11-13T17:26:14+08:00 ] 127.0.0.1 /index.php/Home/Login/login
INFO: [ app_init ] --START--
INFO: Run Behavior\BuildLiteBehavior [ RunTime:0.000009s ]
INFO: [ app_init ] --END-- [ RunTime:0.000459s ]
INFO: [ app_begin ] --START--
INFO: Run Behavior\ReadHtmlCacheBehavior [ RunTime:0.000425s ]
INFO: [ app_begin ] --END-- [ RunTime:0.000449s ]
SQL: SHOW COLUMNS FROM `hd_user` [ RunTime:0.0010s ]
SQL: SELECT * FROM `hd_user` WHERE `account` = 'admin' LIMIT 1   [ RunTime:0.0002s ]

[ 2019-11-13T17:26:17+08:00 ] 127.0.0.1 /index.php
INFO: [ app_init ] --START--
INFO: Run Behavior\BuildLiteBehavior [ RunTime:0.000007s ]
INFO: [ app_init ] --END-- [ RunTime:0.000414s ]
INFO: [ app_begin ] --START--
INFO: Run Behavior\ReadHtmlCacheBehavior [ RunTime:0.000485s ]
INFO: [ app_begin ] --END-- [ RunTime:0.000513s ]
SQL: SHOW COLUMNS FROM `hd_follow` [ RunTime:0.0034s ]
SQL: SELECT `follow` FROM `hd_follow` WHERE `fans` = 1  [ RunTime:0.0002s ]
SQL: SHOW COLUMNS FROM `hd_weibo` [ RunTime:0.0032s ]
SQL: SHOW COLUMNS FROM `hd_userinfo` [ RunTime:0.0024s ]
SQL: SHOW COLUMNS FROM `hd_picture` [ RunTime:0.0022s ]
SQL: SELECT COUNT(*) AS tp_count FROM hd_weibo weibo LEFT JOIN hd_userinfo userinfo ON weibo.uid = userinfo.uid LEFT JOIN hd_picture picture ON weibo.id = picture.wid WHERE weibo.uid IN ('1') LIMIT 1   [ RunTime:0.0007s ]
SQL: SELECT weibo.id AS id,weibo.content AS content,weibo.isturn AS isturn,weibo.time AS time,weibo.turn AS turn,weibo.keep AS keep,weibo.comment AS comment,weibo.uid AS uid,userinfo.username AS username,userinfo.face50 AS face,picture.mini AS mini,picture.medium AS medium,picture.max AS max FROM hd_weibo weibo LEFT JOIN hd_userinfo userinfo ON weibo.uid = userinfo.uid LEFT JOIN hd_picture picture ON weibo.id = picture.wid WHERE weibo.uid IN ('1') ORDER BY weibo.time DESC LIMIT 0,20   [ RunTime:0.0006s ]
SQL: SELECT `follow` FROM `hd_follow` WHERE `fans` = 1  [ RunTime:0.0003s ]
INFO: [ view_parse ] --START--
INFO: [ template_filter ] --START--
INFO: Run Behavior\ContentReplaceBehavior [ RunTime:0.000246s ]
INFO: [ template_filter ] --END-- [ RunTime:0.000284s ]
SQL: SELECT `style` FROM `hd_userinfo` WHERE `uid` = 1 LIMIT 1   [ RunTime:0.0007s ]
SQL: SELECT `username` FROM `hd_userinfo` WHERE `uid` = 1 LIMIT 1   [ RunTime:0.0003s ]
SQL: SHOW COLUMNS FROM `hd_group` [ RunTime:0.0034s ]
SQL: SELECT * FROM `hd_group` WHERE `uid` = 1  [ RunTime:0.0003s ]
SQL: SELECT * FROM `hd_group` WHERE `uid` = 1  [ RunTime:0.0002s ]
SQL: SELECT `username`,`face80` AS `face`,`follow`,`fans`,`weibo`,`uid` FROM `hd_userinfo` WHERE `uid` = 1 LIMIT 1   [ RunTime:0.0004s ]
SQL: SELECT `follow` FROM `hd_follow` WHERE `fans` = 1  [ RunTime:0.0003s ]
ERR: 1064:You have an error in your SQL syntax; check the manual that corresponds to your MySQL server version for the right syntax to use near ') AND f.`follow` NOT IN () AND f.`follow` <>1 GROUP BY f.`follow` ORDER BY `coun' at line 1
 [ SQL语句 ] : SELECT `uid`,`username`,`face50` AS `face`,COUNT(f.`follow`) AS `count` FROM `hd_follow` f LEFT JOIN `hd_userinfo` u ON f.`follow` = u.`uid` WHERE f.`fans` IN () AND f.`follow` NOT IN () AND f.`follow` <>1 GROUP BY f.`follow` ORDER BY `count` DESC LIMIT 4
ERR: 1064:You have an error in your SQL syntax; check the manual that corresponds to your MySQL server version for the right syntax to use near ') AND f.`follow` NOT IN () AND f.`follow` <>1 GROUP BY f.`follow` ORDER BY `coun' at line 1
 [ SQL语句 ] : SELECT `uid`,`username`,`face50` AS `face`,COUNT(f.`follow`) AS `count` FROM `hd_follow` f LEFT JOIN `hd_userinfo` u ON f.`follow` = u.`uid` WHERE f.`fans` IN () AND f.`follow` NOT IN () AND f.`follow` <>1 GROUP BY f.`follow` ORDER BY `count` DESC LIMIT 4

[ 2019-11-13T17:26:18+08:00 ] 127.0.0.1 /index.php/Home/Index/getMsg
INFO: [ app_init ] --START--
INFO: Run Behavior\BuildLiteBehavior [ RunTime:0.000013s ]
INFO: [ app_init ] --END-- [ RunTime:0.000758s ]
INFO: [ app_begin ] --START--
INFO: Run Behavior\ReadHtmlCacheBehavior [ RunTime:0.001179s ]
INFO: [ app_begin ] --END-- [ RunTime:0.001234s ]
INFO: [ app_end ] --START--
INFO: Run Behavior\ShowPageTraceBehavior [ RunTime:0.001542s ]
INFO: [ app_end ] --END-- [ RunTime:0.001614s ]

[ 2019-11-13T17:26:23+08:00 ] 127.0.0.1 /index.php/Home/Index/getMsg
INFO: [ app_init ] --START--
INFO: Run Behavior\BuildLiteBehavior [ RunTime:0.000008s ]
INFO: [ app_init ] --END-- [ RunTime:0.000328s ]
INFO: [ app_begin ] --START--
INFO: Run Behavior\ReadHtmlCacheBehavior [ RunTime:0.000537s ]
INFO: [ app_begin ] --END-- [ RunTime:0.000562s ]
INFO: [ app_end ] --START--
INFO: Run Behavior\ShowPageTraceBehavior [ RunTime:0.001197s ]
INFO: [ app_end ] --END-- [ RunTime:0.001256s ]

[ 2019-11-13T17:26:28+08:00 ] 127.0.0.1 /index.php/Home/Index/getMsg
INFO: [ app_init ] --START--
INFO: Run Behavior\BuildLiteBehavior [ RunTime:0.000008s ]
INFO: [ app_init ] --END-- [ RunTime:0.000346s ]
INFO: [ app_begin ] --START--
INFO: Run Behavior\ReadHtmlCacheBehavior [ RunTime:0.000485s ]
INFO: [ app_begin ] --END-- [ RunTime:0.000505s ]
INFO: [ app_end ] --START--
INFO: Run Behavior\ShowPageTraceBehavior [ RunTime:0.001300s ]
INFO: [ app_end ] --END-- [ RunTime:0.001359s ]

[ 2019-11-13T17:26:29+08:00 ] 127.0.0.1 /index.php/Home/Index/loginOut
INFO: [ app_init ] --START--
INFO: Run Behavior\BuildLiteBehavior [ RunTime:0.000008s ]
INFO: [ app_init ] --END-- [ RunTime:0.000326s ]
INFO: [ app_begin ] --START--
INFO: Run Behavior\ReadHtmlCacheBehavior [ RunTime:0.000793s ]
INFO: [ app_begin ] --END-- [ RunTime:0.000841s ]

[ 2019-11-13T17:26:30+08:00 ] 127.0.0.1 /index.php/Home/Login/index
INFO: [ app_init ] --START--
INFO: Run Behavior\BuildLiteBehavior [ RunTime:0.000010s ]
INFO: [ app_init ] --END-- [ RunTime:0.000390s ]
INFO: [ app_begin ] --START--
INFO: Run Behavior\ReadHtmlCacheBehavior [ RunTime:0.000564s ]
INFO: [ app_begin ] --END-- [ RunTime:0.000597s ]
INFO: [ view_parse ] --START--
INFO: [ template_filter ] --START--
INFO: Run Behavior\ContentReplaceBehavior [ RunTime:0.000024s ]
INFO: [ template_filter ] --END-- [ RunTime:0.000049s ]
INFO: Run Behavior\ParseTemplateBehavior [ RunTime:0.005339s ]
INFO: [ view_parse ] --END-- [ RunTime:0.005361s ]
INFO: [ view_filter ] --START--
INFO: Run Behavior\WriteHtmlCacheBehavior [ RunTime:0.000344s ]
INFO: [ view_filter ] --END-- [ RunTime:0.000360s ]
INFO: [ app_end ] --START--
INFO: Run Behavior\ShowPageTraceBehavior [ RunTime:0.000545s ]
INFO: [ app_end ] --END-- [ RunTime:0.000563s ]

